log4net: log4net assembly [log4net, Version=2.0.8.0, Culture=neutral, PublicKeyToken=669e0ddf0bb1aa2a]. Loaded from [D:\Repos\Alapok2019\08Nap\06Log4Net\bin\Debug\log4net.dll]. (.NET Runtime [4.0.30319.42000] on Microsoft Windows NT 6.2.9200.0)
log4net: defaultRepositoryType [log4net.Repository.Hierarchy.Hierarchy]
log4net: Creating repository for assembly [06Log4Net, Version=1.0.0.0, Culture=neutral, PublicKeyToken=null]
log4net: Assembly [06Log4Net, Version=1.0.0.0, Culture=neutral, PublicKeyToken=null] Loaded From [D:\Repos\Alapok2019\08Nap\06Log4Net\bin\Debug\06Log4Net.exe]
log4net: Assembly [06Log4Net, Version=1.0.0.0, Culture=neutral, PublicKeyToken=null] does not have a RepositoryAttribute specified.
log4net: Assembly [06Log4Net, Version=1.0.0.0, Culture=neutral, PublicKeyToken=null] using repository [log4net-default-repository] and repository type [log4net.Repository.Hierarchy.Hierarchy]
log4net: Creating repository [log4net-default-repository] using type [log4net.Repository.Hierarchy.Hierarchy]
log4net: configuring repository [log4net-default-repository] using .config file section
log4net: Application config file is [D:\Repos\Alapok2019\08Nap\06Log4Net\bin\Debug\06Log4Net.exe.Config]
log4net: Configuring Repository [log4net-default-repository]
log4net: Configuration update mode [Merge].
log4net: Logger [root] Level string is [ALL].
log4net: Logger [root] level set to [name="ALL",value=-2147483648].
log4net: Loading Appender [ColoredConsoleAppender] type: [log4net.Appender.ColoredConsoleAppender]
log4net: Setting Property [Level] to Level value [FATAL]
log4net: Setting Property [ForeColor] to Colors value [White]
log4net: Setting Property [BackColor] to Colors value [Red, HighIntensity]
log4net: Setting Collection Property [AddMapping] to object [log4net.Appender.ColoredConsoleAppender+LevelColors]
log4net: Setting Property [Level] to Level value [ERROR]
log4net: Setting Property [ForeColor] to Colors value [White]
log4net: Setting Property [BackColor] to Colors value [Red, HighIntensity]
log4net: Setting Collection Property [AddMapping] to object [log4net.Appender.ColoredConsoleAppender+LevelColors]
log4net: Setting Property [Level] to Level value [ERROR]
log4net: Setting Property [BackColor] to Colors value [Green]
log4net: Setting Collection Property [AddMapping] to object [log4net.Appender.ColoredConsoleAppender+LevelColors]
log4net: Converter [message] Option [] Format [min=-1,max=2147483647,leftAlign=False]
log4net: Converter [newline] Option [] Format [min=-1,max=2147483647,leftAlign=False]
log4net: Setting Property [ConversionPattern] to String value [%date [%thread] %-5level %logger [%property{NDC}] - %message%newline]
log4net: Converter [date] Option [] Format [min=-1,max=2147483647,leftAlign=False]
log4net: Converter [literal] Option [ [] Format [min=-1,max=2147483647,leftAlign=False]
log4net: Converter [thread] Option [] Format [min=-1,max=2147483647,leftAlign=False]
log4net: Converter [literal] Option [] ] Format [min=-1,max=2147483647,leftAlign=False]
log4net: Converter [level] Option [] Format [min=5,max=2147483647,leftAlign=True]
log4net: Converter [literal] Option [ ] Format [min=-1,max=2147483647,leftAlign=False]
log4net: Converter [logger] Option [] Format [min=-1,max=2147483647,leftAlign=False]
log4net: Converter [literal] Option [ [] Format [min=-1,max=2147483647,leftAlign=False]
log4net: Converter [property] Option [NDC] Format [min=-1,max=2147483647,leftAlign=False]
log4net: Converter [literal] Option [] - ] Format [min=-1,max=2147483647,leftAlign=False]
log4net: Converter [message] Option [] Format [min=-1,max=2147483647,leftAlign=False]
log4net: Converter [newline] Option [] Format [min=-1,max=2147483647,leftAlign=False]
log4net: Setting Property [Layout] to object [log4net.Layout.PatternLayout]
log4net: Created Appender [ColoredConsoleAppender]
log4net: Adding appender named [ColoredConsoleAppender] to logger [root].
log4net: Loading Appender [AdoNetAppender_SqlServer] type: [log4net.Appender.AdoNetAppender]
log4net: Setting Property [ConnectionType] to String value [System.Data.SqlClient.SqlConnection, System.Data, Version=1.0.3300.0, Culture=neutral, PublicKeyToken=b77a5c561934e089]
log4net: Setting Property [ConnectionString] to String value [Server=./SQLEXPRESS;Database=log4net;Trusted_Connection=True;]
log4net: Setting Property [CommandText] to String value [INSERT INTO Log ([Date],[Thread],[Level],[Logger],[Message]) VALUES (@log_date, @thread, @log_level, @logger, @message)]
log4net: Setting Property [ParameterName] to String value [@log_date]
log4net: Setting Property [DbType] to DbType value [DateTime]
log4net: Parameter [layout] specified subtype [log4net.Layout.PatternLayout]
log4net: Converter [date] Option [yyyy'-'MM'-'dd HH':'mm':'ss'.'fff] Format [min=-1,max=2147483647,leftAlign=False]
log4net: Performing additional conversion of value from [PatternLayout] to [IRawLayout]
log4net: Setting Property [Layout] to Layout2RawLayoutAdapter value [log4net.Layout.Layout2RawLayoutAdapter]
log4net: Setting Collection Property [AddParameter] to object [log4net.Appender.AdoNetAppenderParameter]
log4net: Setting Property [ParameterName] to String value [@thread]
log4net: Setting Property [DbType] to DbType value [String]
log4net: Setting Property [Size] to Int32 value [255]
log4net: Parameter [layout] specified subtype [log4net.Layout.PatternLayout]
log4net: Converter [thread] Option [] Format [min=-1,max=2147483647,leftAlign=False]
log4net: Performing additional conversion of value from [PatternLayout] to [IRawLayout]
log4net: Setting Property [Layout] to Layout2RawLayoutAdapter value [log4net.Layout.Layout2RawLayoutAdapter]
log4net: Setting Collection Property [AddParameter] to object [log4net.Appender.AdoNetAppenderParameter]
log4net: Setting Property [ParameterName] to String value [@log_level]
log4net: Setting Property [DbType] to DbType value [String]
log4net: Setting Property [Size] to Int32 value [50]
log4net: Parameter [layout] specified subtype [log4net.Layout.PatternLayout]
log4net: Converter [level] Option [] Format [min=-1,max=2147483647,leftAlign=False]
log4net: Performing additional conversion of value from [PatternLayout] to [IRawLayout]
log4net: Setting Property [Layout] to Layout2RawLayoutAdapter value [log4net.Layout.Layout2RawLayoutAdapter]
log4net: Setting Collection Property [AddParameter] to object [log4net.Appender.AdoNetAppenderParameter]
log4net: Setting Property [ParameterName] to String value [@logger]
log4net: Setting Property [DbType] to DbType value [String]
log4net: Setting Property [Size] to Int32 value [255]
log4net: Parameter [layout] specified subtype [log4net.Layout.PatternLayout]
log4net: Converter [logger] Option [] Format [min=-1,max=2147483647,leftAlign=False]
log4net: Performing additional conversion of value from [PatternLayout] to [IRawLayout]
log4net: Setting Property [Layout] to Layout2RawLayoutAdapter value [log4net.Layout.Layout2RawLayoutAdapter]
log4net: Setting Collection Property [AddParameter] to object [log4net.Appender.AdoNetAppenderParameter]
log4net: Setting Property [ParameterName] to String value [@message]
log4net: Setting Property [DbType] to DbType value [String]
log4net: Setting Property [Size] to Int32 value [4000]
log4net: Parameter [layout] specified subtype [log4net.Layout.PatternLayout]
log4net: Converter [message] Option [] Format [min=-1,max=2147483647,leftAlign=False]
log4net: Performing additional conversion of value from [PatternLayout] to [IRawLayout]
log4net: Setting Property [Layout] to Layout2RawLayoutAdapter value [log4net.Layout.Layout2RawLayoutAdapter]
log4net: Setting Collection Property [AddParameter] to object [log4net.Appender.AdoNetAppenderParameter]
log4net:ERROR [AdoNetAppender] ErrorCode: GenericFailure. Could not open database connection [Server=./SQLEXPRESS;Database=log4net;Trusted_Connection=True;]. Connection string context [ConnectionString].
System.Data.SqlClient.SqlException (0x80131904): A hálózattal kapcsolatos vagy példányspecifikus hiba történt az SQL Server rendszerhez való kapcsolódás során. A kiszolgáló nem található vagy nem érhető el. Győződjön meg arról, hogy a példánynév helyes, és hogy az SQL Server konfigurációja lehetővé teszi a távoli kapcsolatokat. (provider: Named Pipes Provider, error: 40 - Nem sikerült kapcsolatot nyitni az SQL Server kiszolgálóhoz) ---> System.ComponentModel.Win32Exception (0x80004005): A rendszer nem találja a megadott elérési utat
   a következő helyen: System.Data.SqlClient.SqlInternalConnectionTds..ctor(DbConnectionPoolIdentity identity, SqlConnectionString connectionOptions, SqlCredential credential, Object providerInfo, String newPassword, SecureString newSecurePassword, Boolean redirectedUserInstance, SqlConnectionString userConnectionOptions, SessionData reconnectSessionData, DbConnectionPool pool, String accessToken, Boolean applyTransientFaultHandling, SqlAuthenticationProviderManager sqlAuthProviderManager)
   a következő helyen: System.Data.SqlClient.SqlConnectionFactory.CreateConnection(DbConnectionOptions options, DbConnectionPoolKey poolKey, Object poolGroupProviderInfo, DbConnectionPool pool, DbConnection owningConnection, DbConnectionOptions userOptions)
   a következő helyen: System.Data.ProviderBase.DbConnectionFactory.CreatePooledConnection(DbConnectionPool pool, DbConnection owningObject, DbConnectionOptions options, DbConnectionPoolKey poolKey, DbConnectionOptions userOptions)
   a következő helyen: System.Data.ProviderBase.DbConnectionPool.CreateObject(DbConnection owningObject, DbConnectionOptions userOptions, DbConnectionInternal oldConnection)
   a következő helyen: System.Data.ProviderBase.DbConnectionPool.UserCreateRequest(DbConnection owningObject, DbConnectionOptions userOptions, DbConnectionInternal oldConnection)
   a következő helyen: System.Data.ProviderBase.DbConnectionPool.TryGetConnection(DbConnection owningObject, UInt32 waitForMultipleObjectsTimeout, Boolean allowCreate, Boolean onlyOneCheckConnection, DbConnectionOptions userOptions, DbConnectionInternal& connection)
   a következő helyen: System.Data.ProviderBase.DbConnectionPool.TryGetConnection(DbConnection owningObject, TaskCompletionSource`1 retry, DbConnectionOptions userOptions, DbConnectionInternal& connection)
   a következő helyen: System.Data.ProviderBase.DbConnectionFactory.TryGetConnection(DbConnection owningConnection, TaskCompletionSource`1 retry, DbConnectionOptions userOptions, DbConnectionInternal oldConnection, DbConnectionInternal& connection)
   a következő helyen: System.Data.ProviderBase.DbConnectionInternal.TryOpenConnectionInternal(DbConnection outerConnection, DbConnectionFactory connectionFactory, TaskCompletionSource`1 retry, DbConnectionOptions userOptions)
   a következő helyen: System.Data.ProviderBase.DbConnectionClosed.TryOpenConnection(DbConnection outerConnection, DbConnectionFactory connectionFactory, TaskCompletionSource`1 retry, DbConnectionOptions userOptions)
   a következő helyen: System.Data.SqlClient.SqlConnection.TryOpenInner(TaskCompletionSource`1 retry)
   a következő helyen: System.Data.SqlClient.SqlConnection.TryOpen(TaskCompletionSource`1 retry)
   a következő helyen: System.Data.SqlClient.SqlConnection.Open()
   a következő helyen: log4net.Appender.AdoNetAppender.InitializeDatabaseConnection()
ClientConnectionId:00000000-0000-0000-0000-000000000000
Error Number:3,State:0,Class:20
log4net: Created Appender [AdoNetAppender_SqlServer]
log4net: Adding appender named [AdoNetAppender_SqlServer] to logger [root].
log4net: Hierarchy Threshold []
log4net: Shutdown called on Hierarchy [log4net-default-repository]
log4net: log4net assembly [log4net, Version=2.0.8.0, Culture=neutral, PublicKeyToken=669e0ddf0bb1aa2a]. Loaded from [D:\Repos\Alapok2019\08Nap\06Log4Net\bin\Debug\log4net.dll]. (.NET Runtime [4.0.30319.42000] on Microsoft Windows NT 6.2.9200.0)
log4net: defaultRepositoryType [log4net.Repository.Hierarchy.Hierarchy]
log4net: Creating repository for assembly [06Log4Net, Version=1.0.0.0, Culture=neutral, PublicKeyToken=null]
log4net: Assembly [06Log4Net, Version=1.0.0.0, Culture=neutral, PublicKeyToken=null] Loaded From [D:\Repos\Alapok2019\08Nap\06Log4Net\bin\Debug\06Log4Net.exe]
log4net: Assembly [06Log4Net, Version=1.0.0.0, Culture=neutral, PublicKeyToken=null] does not have a RepositoryAttribute specified.
log4net: Assembly [06Log4Net, Version=1.0.0.0, Culture=neutral, PublicKeyToken=null] using repository [log4net-default-repository] and repository type [log4net.Repository.Hierarchy.Hierarchy]
log4net: Creating repository [log4net-default-repository] using type [log4net.Repository.Hierarchy.Hierarchy]
log4net: configuring repository [log4net-default-repository] using .config file section
log4net: Application config file is [D:\Repos\Alapok2019\08Nap\06Log4Net\bin\Debug\06Log4Net.exe.Config]
log4net: Configuring Repository [log4net-default-repository]
log4net: Configuration update mode [Merge].
log4net: Logger [root] Level string is [ALL].
log4net: Logger [root] level set to [name="ALL",value=-2147483648].
log4net: Loading Appender [ColoredConsoleAppender] type: [log4net.Appender.ColoredConsoleAppender]
log4net: Setting Property [Level] to Level value [FATAL]
log4net: Setting Property [ForeColor] to Colors value [White]
log4net: Setting Property [BackColor] to Colors value [Red, HighIntensity]
log4net: Setting Collection Property [AddMapping] to object [log4net.Appender.ColoredConsoleAppender+LevelColors]
log4net: Setting Property [Level] to Level value [ERROR]
log4net: Setting Property [ForeColor] to Colors value [White]
log4net: Setting Property [BackColor] to Colors value [Red, HighIntensity]
log4net: Setting Collection Property [AddMapping] to object [log4net.Appender.ColoredConsoleAppender+LevelColors]
log4net: Setting Property [Level] to Level value [ERROR]
log4net: Setting Property [BackColor] to Colors value [Green]
log4net: Setting Collection Property [AddMapping] to object [log4net.Appender.ColoredConsoleAppender+LevelColors]
log4net: Converter [message] Option [] Format [min=-1,max=2147483647,leftAlign=False]
log4net: Converter [newline] Option [] Format [min=-1,max=2147483647,leftAlign=False]
log4net: Setting Property [ConversionPattern] to String value [%date [%thread] %-5level %logger [%property{NDC}] - %message%newline]
log4net: Converter [date] Option [] Format [min=-1,max=2147483647,leftAlign=False]
log4net: Converter [literal] Option [ [] Format [min=-1,max=2147483647,leftAlign=False]
log4net: Converter [thread] Option [] Format [min=-1,max=2147483647,leftAlign=False]
log4net: Converter [literal] Option [] ] Format [min=-1,max=2147483647,leftAlign=False]
log4net: Converter [level] Option [] Format [min=5,max=2147483647,leftAlign=True]
log4net: Converter [literal] Option [ ] Format [min=-1,max=2147483647,leftAlign=False]
log4net: Converter [logger] Option [] Format [min=-1,max=2147483647,leftAlign=False]
log4net: Converter [literal] Option [ [] Format [min=-1,max=2147483647,leftAlign=False]
log4net: Converter [property] Option [NDC] Format [min=-1,max=2147483647,leftAlign=False]
log4net: Converter [literal] Option [] - ] Format [min=-1,max=2147483647,leftAlign=False]
log4net: Converter [message] Option [] Format [min=-1,max=2147483647,leftAlign=False]
log4net: Converter [newline] Option [] Format [min=-1,max=2147483647,leftAlign=False]
log4net: Setting Property [Layout] to object [log4net.Layout.PatternLayout]
log4net: Created Appender [ColoredConsoleAppender]
log4net: Adding appender named [ColoredConsoleAppender] to logger [root].
log4net: Loading Appender [AdoNetAppender_SqlServer] type: [log4net.Appender.AdoNetAppender]
log4net: Setting Property [ConnectionType] to String value [System.Data.SqlClient.SqlConnection, System.Data, Version=1.0.3300.0, Culture=neutral, PublicKeyToken=b77a5c561934e089]
log4net: Setting Property [ConnectionString] to String value [Server=./SQLEXPRESS;Database=log4net;Trusted_Connection=True;]
log4net: Setting Property [CommandText] to String value [INSERT INTO Log ([Date],[Thread],[Level],[Logger],[Message]) VALUES (@log_date, @thread, @log_level, @logger, @message)]
log4net: Setting Property [ParameterName] to String value [@log_date]
log4net: Setting Property [DbType] to DbType value [DateTime]
log4net: Parameter [layout] specified subtype [log4net.Layout.PatternLayout]
log4net: Converter [date] Option [yyyy'-'MM'-'dd HH':'mm':'ss'.'fff] Format [min=-1,max=2147483647,leftAlign=False]
log4net: Performing additional conversion of value from [PatternLayout] to [IRawLayout]
log4net: Setting Property [Layout] to Layout2RawLayoutAdapter value [log4net.Layout.Layout2RawLayoutAdapter]
log4net: Setting Collection Property [AddParameter] to object [log4net.Appender.AdoNetAppenderParameter]
log4net: Setting Property [ParameterName] to String value [@thread]
log4net: Setting Property [DbType] to DbType value [String]
log4net: Setting Property [Size] to Int32 value [255]
log4net: Parameter [layout] specified subtype [log4net.Layout.PatternLayout]
log4net: Converter [thread] Option [] Format [min=-1,max=2147483647,leftAlign=False]
log4net: Performing additional conversion of value from [PatternLayout] to [IRawLayout]
log4net: Setting Property [Layout] to Layout2RawLayoutAdapter value [log4net.Layout.Layout2RawLayoutAdapter]
log4net: Setting Collection Property [AddParameter] to object [log4net.Appender.AdoNetAppenderParameter]
log4net: Setting Property [ParameterName] to String value [@log_level]
log4net: Setting Property [DbType] to DbType value [String]
log4net: Setting Property [Size] to Int32 value [50]
log4net: Parameter [layout] specified subtype [log4net.Layout.PatternLayout]
log4net: Converter [level] Option [] Format [min=-1,max=2147483647,leftAlign=False]
log4net: Performing additional conversion of value from [PatternLayout] to [IRawLayout]
log4net: Setting Property [Layout] to Layout2RawLayoutAdapter value [log4net.Layout.Layout2RawLayoutAdapter]
log4net: Setting Collection Property [AddParameter] to object [log4net.Appender.AdoNetAppenderParameter]
log4net: Setting Property [ParameterName] to String value [@logger]
log4net: Setting Property [DbType] to DbType value [String]
log4net: Setting Property [Size] to Int32 value [255]
log4net: Parameter [layout] specified subtype [log4net.Layout.PatternLayout]
log4net: Converter [logger] Option [] Format [min=-1,max=2147483647,leftAlign=False]
log4net: Performing additional conversion of value from [PatternLayout] to [IRawLayout]
log4net: Setting Property [Layout] to Layout2RawLayoutAdapter value [log4net.Layout.Layout2RawLayoutAdapter]
log4net: Setting Collection Property [AddParameter] to object [log4net.Appender.AdoNetAppenderParameter]
log4net: Setting Property [ParameterName] to String value [@message]
log4net: Setting Property [DbType] to DbType value [String]
log4net: Setting Property [Size] to Int32 value [4000]
log4net: Parameter [layout] specified subtype [log4net.Layout.PatternLayout]
log4net: Converter [message] Option [] Format [min=-1,max=2147483647,leftAlign=False]
log4net: Performing additional conversion of value from [PatternLayout] to [IRawLayout]
log4net: Setting Property [Layout] to Layout2RawLayoutAdapter value [log4net.Layout.Layout2RawLayoutAdapter]
log4net: Setting Collection Property [AddParameter] to object [log4net.Appender.AdoNetAppenderParameter]
log4net:ERROR [AdoNetAppender] ErrorCode: GenericFailure. Could not open database connection [Server=./SQLEXPRESS;Database=log4net;Trusted_Connection=True;]. Connection string context [ConnectionString].
System.Data.SqlClient.SqlException (0x80131904): A hálózattal kapcsolatos vagy példányspecifikus hiba történt az SQL Server rendszerhez való kapcsolódás során. A kiszolgáló nem található vagy nem érhető el. Győződjön meg arról, hogy a példánynév helyes, és hogy az SQL Server konfigurációja lehetővé teszi a távoli kapcsolatokat. (provider: Named Pipes Provider, error: 40 - Nem sikerült kapcsolatot nyitni az SQL Server kiszolgálóhoz) ---> System.ComponentModel.Win32Exception (0x80004005): A rendszer nem találja a megadott elérési utat
   a következő helyen: System.Data.SqlClient.SqlInternalConnectionTds..ctor(DbConnectionPoolIdentity identity, SqlConnectionString connectionOptions, SqlCredential credential, Object providerInfo, String newPassword, SecureString newSecurePassword, Boolean redirectedUserInstance, SqlConnectionString userConnectionOptions, SessionData reconnectSessionData, DbConnectionPool pool, String accessToken, Boolean applyTransientFaultHandling, SqlAuthenticationProviderManager sqlAuthProviderManager)
   a következő helyen: System.Data.SqlClient.SqlConnectionFactory.CreateConnection(DbConnectionOptions options, DbConnectionPoolKey poolKey, Object poolGroupProviderInfo, DbConnectionPool pool, DbConnection owningConnection, DbConnectionOptions userOptions)
   a következő helyen: System.Data.ProviderBase.DbConnectionFactory.CreatePooledConnection(DbConnectionPool pool, DbConnection owningObject, DbConnectionOptions options, DbConnectionPoolKey poolKey, DbConnectionOptions userOptions)
   a következő helyen: System.Data.ProviderBase.DbConnectionPool.CreateObject(DbConnection owningObject, DbConnectionOptions userOptions, DbConnectionInternal oldConnection)
   a következő helyen: System.Data.ProviderBase.DbConnectionPool.UserCreateRequest(DbConnection owningObject, DbConnectionOptions userOptions, DbConnectionInternal oldConnection)
   a következő helyen: System.Data.ProviderBase.DbConnectionPool.TryGetConnection(DbConnection owningObject, UInt32 waitForMultipleObjectsTimeout, Boolean allowCreate, Boolean onlyOneCheckConnection, DbConnectionOptions userOptions, DbConnectionInternal& connection)
   a következő helyen: System.Data.ProviderBase.DbConnectionPool.TryGetConnection(DbConnection owningObject, TaskCompletionSource`1 retry, DbConnectionOptions userOptions, DbConnectionInternal& connection)
   a következő helyen: System.Data.ProviderBase.DbConnectionFactory.TryGetConnection(DbConnection owningConnection, TaskCompletionSource`1 retry, DbConnectionOptions userOptions, DbConnectionInternal oldConnection, DbConnectionInternal& connection)
   a következő helyen: System.Data.ProviderBase.DbConnectionInternal.TryOpenConnectionInternal(DbConnection outerConnection, DbConnectionFactory connectionFactory, TaskCompletionSource`1 retry, DbConnectionOptions userOptions)
   a következő helyen: System.Data.ProviderBase.DbConnectionClosed.TryOpenConnection(DbConnection outerConnection, DbConnectionFactory connectionFactory, TaskCompletionSource`1 retry, DbConnectionOptions userOptions)
   a következő helyen: System.Data.SqlClient.SqlConnection.TryOpenInner(TaskCompletionSource`1 retry)
   a következő helyen: System.Data.SqlClient.SqlConnection.TryOpen(TaskCompletionSource`1 retry)
   a következő helyen: System.Data.SqlClient.SqlConnection.Open()
   a következő helyen: log4net.Appender.AdoNetAppender.InitializeDatabaseConnection()
ClientConnectionId:00000000-0000-0000-0000-000000000000
Error Number:3,State:0,Class:20
log4net: Created Appender [AdoNetAppender_SqlServer]
log4net: Adding appender named [AdoNetAppender_SqlServer] to logger [root].
log4net: Hierarchy Threshold []
log4net: Shutdown called on Hierarchy [log4net-default-repository]
